# JRE version: OpenJDK Runtime Environment Temurin-21.0.12.1+1 (21.0.12.1+1) (build 21.0.12.1+1-LTS)
# Java VM: OpenJDK 64-Bit Server VM Temurin-21.0.12.1+1 (21.0.12.1+1-LTS, mixed mode, sharing, tiered, compressed oops, compressed class ptrs, parallel gc, windows-amd64)
GC Precious Log:
 CardTable entry size: 512
 CPUs: 4 total, 4 available
 Memory: 3930M
 Large Page Support: Disabled
 NUMA Support: Disabled
 Compressed Oops: Enabled (Zero based)
 Alignments: Space 512K, Generation 512K, Heap 2M
 Heap Min Capacity: 100M
 Heap Initial Capacity: 100M
 Heap Max Capacity: 8G
 Pre-touch: Disabled
 Parallel Workers: 4
Heap:
 PSYoungGen      total 17920K, used 11228K [0x0000000755580000, 0x0000000756a80000, 0x0000000800000000)
  eden space 16896K, 60% used [0x0000000755580000,0x0000000755f7ad28,0x0000000756600000)
  from space 1024K, 98% used [0x0000000756600000,0x00000007566fc318,0x0000000756700000)
  to   space 2048K, 0% used [0x0000000756880000,0x0000000756880000,0x0000000756a80000)
 ParOldGen       total 5592576K, used 40796K [0x0000000600000000, 0x0000000755580000, 0x0000000755580000)
  object space 5592576K, 0% used [0x0000000600000000,0x00000006027d7350,0x0000000755580000)
 Metaspace       used 66599K, committed 67712K, reserved 1114112K
  class space    used 7170K, committed 7616K, reserved 1048576K
GC Heap History (20 events):
Event: 138.042 GC heap before
{Heap before GC invocations=39 (full 3):
 PSYoungGen      total 16384K, used 16368K [0x0000000755580000, 0x0000000756880000, 0x0000000800000000)
  eden space 15872K, 100% used [0x0000000755580000,0x0000000756500000,0x0000000756500000)
  from space 512K, 96% used [0x0000000756780000,0x00000007567fc040,0x0000000756800000)
  to   space 512K, 0% used [0x0000000756800000,0x0000000756800000,0x0000000756880000)
 ParOldGen       total 68608K, used 42047K [0x0000000600000000, 0x0000000604300000, 0x0000000755580000)
  object space 68608K, 61% used [0x0000000600000000,0x000000060290fdc8,0x0000000604300000)
 Metaspace       used 62333K, committed 63680K, reserved 1114112K
  class space    used 6731K, committed 7296K, reserved 1048576K
}
Event: 138.047 GC heap after
{Heap after GC invocations=39 (full 3):
 PSYoungGen      total 16384K, used 498K [0x0000000755580000, 0x0000000756900000, 0x0000000800000000)
  eden space 15872K, 0% used [0x0000000755580000,0x0000000755580000,0x0000000756500000)
  from space 512K, 97% used [0x0000000756800000,0x000000075687c848,0x0000000756880000)
  to   space 2048K, 0% used [0x0000000756500000,0x0000000756500000,0x0000000756700000)
 ParOldGen       total 68608K, used 43114K [0x0000000600000000, 0x0000000604300000, 0x0000000755580000)
  object space 68608K, 62% used [0x0000000600000000,0x0000000602a1a908,0x0000000604300000)
 Metaspace       used 62333K, committed 63680K, reserved 1114112K
  class space    used 6731K, committed 7296K, reserved 1048576K
}
Event: 143.310 GC heap before
{Heap before GC invocations=40 (full 3):
 PSYoungGen      total 16384K, used 16370K [0x0000000755580000, 0x0000000756900000, 0x0000000800000000)
  eden space 15872K, 99% used [0x0000000755580000,0x00000007564ffff0,0x0000000756500000)
  from space 512K, 97% used [0x0000000756800000,0x000000075687c848,0x0000000756880000)
  to   space 2048K, 0% used [0x0000000756500000,0x0000000756500000,0x0000000756700000)
 ParOldGen       total 68608K, used 43114K [0x0000000600000000, 0x0000000604300000, 0x0000000755580000)
  object space 68608K, 62% used [0x0000000600000000,0x0000000602a1a908,0x0000000604300000)
 Metaspace       used 64000K, committed 65280K, reserved 1114112K
  class space    used 6912K, committed 7424K, reserved 1048576K
}
Event: 143.315 GC heap after
{Heap after GC invocations=40 (full 3):
 PSYoungGen      total 17920K, used 887K [0x0000000755580000, 0x0000000756880000, 0x0000000800000000)
  eden space 15872K, 0% used [0x0000000755580000,0x0000000755580000,0x0000000756500000)
  from space 2048K, 43% used [0x0000000756500000,0x00000007565ddce0,0x0000000756700000)
  to   space 1536K, 0% used [0x0000000756700000,0x0000000756700000,0x0000000756880000)
 ParOldGen       total 68608K, used 43594K [0x0000000600000000, 0x0000000604300000, 0x0000000755580000)
  object space 68608K, 63% used [0x0000000600000000,0x0000000602a92958,0x0000000604300000)
 Metaspace       used 64000K, committed 65280K, reserved 1114112K
  class space    used 6912K, committed 7424K, reserved 1048576K
}
Event: 363.147 GC heap before
{Heap before GC invocations=41 (full 3):
 PSYoungGen      total 17920K, used 16759K [0x0000000755580000, 0x0000000756880000, 0x0000000800000000)
  eden space 15872K, 100% used [0x0000000755580000,0x0000000756500000,0x0000000756500000)
  from space 2048K, 43% used [0x0000000756500000,0x00000007565ddce0,0x0000000756700000)
  to   space 1536K, 0% used [0x0000000756700000,0x0000000756700000,0x0000000756880000)
 ParOldGen       total 68608K, used 43594K [0x0000000600000000, 0x0000000604300000, 0x0000000755580000)
  object space 68608K, 63% used [0x0000000600000000,0x0000000602a92958,0x0000000604300000)
 Metaspace       used 64790K, committed 66112K, reserved 1114112K
  class space    used 6981K, committed 7488K, reserved 1048576K
}
Event: 363.209 GC heap after
{Heap after GC invocations=41 (full 3):
 PSYoungGen      total 16896K, used 688K [0x0000000755580000, 0x0000000756800000, 0x0000000800000000)
  eden space 15872K, 0% used [0x0000000755580000,0x0000000755580000,0x0000000756500000)
  from space 1024K, 67% used [0x0000000756700000,0x00000007567ac070,0x0000000756800000)
  to   space 1024K, 0% used [0x0000000756600000,0x0000000756600000,0x0000000756700000)
 ParOldGen       total 68608K, used 44002K [0x0000000600000000, 0x0000000604300000, 0x0000000755580000)
  object space 68608K, 64% used [0x0000000600000000,0x0000000602af8998,0x0000000604300000)
 Metaspace       used 64790K, committed 66112K, reserved 1114112K
  class space    used 6981K, committed 7488K, reserved 1048576K
}
Event: 364.710 GC heap before
{Heap before GC invocations=42 (full 3):
 PSYoungGen      total 16896K, used 2862K [0x0000000755580000, 0x0000000756800000, 0x0000000800000000)
  eden space 15872K, 13% used [0x0000000755580000,0x000000075579f930,0x0000000756500000)
  from space 1024K, 67% used [0x0000000756700000,0x00000007567ac070,0x0000000756800000)
  to   space 1024K, 0% used [0x0000000756600000,0x0000000756600000,0x0000000756700000)
 ParOldGen       total 5592576K, used 44002K [0x0000000600000000, 0x0000000755580000, 0x0000000755580000)
  object space 5592576K, 0% used [0x0000000600000000,0x0000000602af8998,0x0000000755580000)
 Metaspace       used 64824K, committed 66112K, reserved 1114112K
  class space    used 6981K, committed 7488K, reserved 1048576K
}
Event: 364.716 GC heap after
{Heap after GC invocations=42 (full 3):
 PSYoungGen      total 16896K, used 128K [0x0000000755580000, 0x0000000756780000, 0x0000000800000000)
  eden space 15872K, 0% used [0x0000000755580000,0x0000000755580000,0x0000000756500000)
  from space 1024K, 12% used [0x0000000756600000,0x0000000756620000,0x0000000756700000)
  to   space 512K, 0% used [0x0000000756700000,0x0000000756700000,0x0000000756780000)
 ParOldGen       total 5592576K, used 44647K [0x0000000600000000, 0x0000000755580000, 0x0000000755580000)
  object space 5592576K, 0% used [0x0000000600000000,0x0000000602b99ea8,0x0000000755580000)
 Metaspace       used 64824K, committed 66112K, reserved 1114112K
  class space    used 6981K, committed 7488K, reserved 1048576K
}
Event: 364.717 GC heap before
{Heap before GC invocations=43 (full 3):
 PSYoungGen      total 16896K, used 128K [0x0000000755580000, 0x0000000756780000, 0x0000000800000000)
  eden space 15872K, 0% used [0x0000000755580000,0x0000000755580000,0x0000000756500000)
  from space 1024K, 12% used [0x0000000756600000,0x0000000756620000,0x0000000756700000)
  to   space 512K, 0% used [0x0000000756700000,0x0000000756700000,0x0000000756780000)
 ParOldGen       total 5592576K, used 44647K [0x0000000600000000, 0x0000000755580000, 0x0000000755580000)
  object space 5592576K, 0% used [0x0000000600000000,0x0000000602b99ea8,0x0000000755580000)
 Metaspace       used 64824K, committed 66112K, reserved 1114112K
  class space    used 6981K, committed 7488K, reserved 1048576K
}
Event: 364.717 GC heap after
{Heap after GC invocations=43 (full 3):
 PSYoungGen      total 16384K, used 0K [0x0000000755580000, 0x0000000756780000, 0x0000000800000000)
  eden space 15872K, 0% used [0x0000000755580000,0x0000000755580000,0x0000000756500000)
  from space 512K, 0% used [0x0000000756700000,0x0000000756700000,0x0000000756780000)
  to   space 512K, 0% used [0x0000000756680000,0x0000000756680000,0x0000000756700000)
 ParOldGen       total 5592576K, used 44711K [0x0000000600000000, 0x0000000755580000, 0x0000000755580000)
  object space 5592576K, 0% used [0x0000000600000000,0x0000000602ba9eb8,0x0000000755580000)
 Metaspace       used 64824K, committed 66112K, reserved 1114112K
  class space    used 6981K, committed 7488K, reserved 1048576K
}
Event: 364.717 GC heap before
{Heap before GC invocations=44 (full 4):
 PSYoungGen      total 16384K, used 0K [0x0000000755580000, 0x0000000756780000, 0x0000000800000000)
  eden space 15872K, 0% used [0x0000000755580000,0x0000000755580000,0x0000000756500000)
  from space 512K, 0% used [0x0000000756700000,0x0000000756700000,0x0000000756780000)
  to   space 512K, 0% used [0x0000000756680000,0x0000000756680000,0x0000000756700000)
 ParOldGen       total 5592576K, used 44711K [0x0000000600000000, 0x0000000755580000, 0x0000000755580000)
  object space 5592576K, 0% used [0x0000000600000000,0x0000000602ba9eb8,0x0000000755580000)
 Metaspace       used 64824K, committed 66112K, reserved 1114112K
  class space    used 6981K, committed 7488K, reserved 1048576K
}
Event: 365.368 GC heap after
{Heap after GC invocations=44 (full 4):
 PSYoungGen      total 16384K, used 0K [0x0000000755580000, 0x0000000756780000, 0x0000000800000000)
  eden space 15872K, 0% used [0x0000000755580000,0x0000000755580000,0x0000000756500000)
  from space 512K, 0% used [0x0000000756680000,0x0000000756680000,0x0000000756700000)
  to   space 512K, 0% used [0x0000000756700000,0x0000000756700000,0x0000000756780000)
 ParOldGen       total 69120K, used 43597K [0x0000000600000000, 0x0000000604380000, 0x0000000755580000)
  object space 69120K, 63% used [0x0000000600000000,0x0000000602a93520,0x0000000604380000)
 Metaspace       used 64824K, committed 66112K, reserved 1114112K
  class space    used 6981K, committed 7488K, reserved 1048576K
}
Event: 365.394 GC heap before
{Heap before GC invocations=45 (full 4):
 PSYoungGen      total 16384K, used 0K [0x0000000755580000, 0x0000000756780000, 0x0000000800000000)
  eden space 15872K, 0% used [0x0000000755580000,0x0000000755580000,0x0000000756500000)
  from space 512K, 0% used [0x0000000756680000,0x0000000756680000,0x0000000756700000)
  to   space 512K, 0% used [0x0000000756700000,0x0000000756700000,0x0000000756780000)
 ParOldGen       total 5592576K, used 43597K [0x0000000600000000, 0x0000000755580000, 0x0000000755580000)
  object space 5592576K, 0% used [0x0000000600000000,0x0000000602a93520,0x0000000755580000)
 Metaspace       used 64824K, committed 66112K, reserved 1114112K
  class space    used 6981K, committed 7488K, reserved 1048576K
}
Event: 365.395 GC heap after
{Heap after GC invocations=45 (full 4):
 PSYoungGen      total 16384K, used 0K [0x0000000755580000, 0x0000000756780000, 0x0000000800000000)
  eden space 15872K, 0% used [0x0000000755580000,0x0000000755580000,0x0000000756500000)
  from space 512K, 0% used [0x0000000756700000,0x0000000756700000,0x0000000756780000)
  to   space 512K, 0% used [0x0000000756680000,0x0000000756680000,0x0000000756700000)
 ParOldGen       total 5592576K, used 43597K [0x0000000600000000, 0x0000000755580000, 0x0000000755580000)
  object space 5592576K, 0% used [0x0000000600000000,0x0000000602a93520,0x0000000755580000)
 Metaspace       used 64824K, committed 66112K, reserved 1114112K
  class space    used 6981K, committed 7488K, reserved 1048576K
}
Event: 365.395 GC heap before
{Heap before GC invocations=46 (full 5):
 PSYoungGen      total 16384K, used 0K [0x0000000755580000, 0x0000000756780000, 0x0000000800000000)
  eden space 15872K, 0% used [0x0000000755580000,0x0000000755580000,0x0000000756500000)
  from space 512K, 0% used [0x0000000756700000,0x0000000756700000,0x0000000756780000)
  to   space 512K, 0% used [0x0000000756680000,0x0000000756680000,0x0000000756700000)
 ParOldGen       total 5592576K, used 43597K [0x0000000600000000, 0x0000000755580000, 0x0000000755580000)
  object space 5592576K, 0% used [0x0000000600000000,0x0000000602a93520,0x0000000755580000)
 Metaspace       used 64824K, committed 66112K, reserved 1114112K
  class space    used 6981K, committed 7488K, reserved 1048576K
}
Event: 366.094 GC heap after
{Heap after GC invocations=46 (full 5):
 PSYoungGen      total 16896K, used 0K [0x0000000755580000, 0x0000000756780000, 0x0000000800000000)
  eden space 16384K, 0% used [0x0000000755580000,0x0000000755580000,0x0000000756580000)
  from space 512K, 0% used [0x0000000756680000,0x0000000756680000,0x0000000756700000)
  to   space 512K, 0% used [0x0000000756700000,0x0000000756700000,0x0000000756780000)
 ParOldGen       total 87552K, used 40099K [0x0000000600000000, 0x0000000605580000, 0x0000000755580000)
  object space 87552K, 45% used [0x0000000600000000,0x0000000602728e30,0x0000000605580000)
 Metaspace       used 64537K, committed 66112K, reserved 1114112K
  class space    used 6902K, committed 7488K, reserved 1048576K
}
Event: 380.071 GC heap before
{Heap before GC invocations=47 (full 5):
 PSYoungGen      total 16896K, used 16384K [0x0000000755580000, 0x0000000756780000, 0x0000000800000000)
  eden space 16384K, 100% used [0x0000000755580000,0x0000000756580000,0x0000000756580000)
  from space 512K, 0% used [0x0000000756680000,0x0000000756680000,0x0000000756700000)
  to   space 512K, 0% used [0x0000000756700000,0x0000000756700000,0x0000000756780000)
 ParOldGen       total 5592576K, used 40099K [0x0000000600000000, 0x0000000755580000, 0x0000000755580000)
  object space 5592576K, 0% used [0x0000000600000000,0x0000000602728e30,0x0000000755580000)
 Metaspace       used 64882K, committed 66176K, reserved 1114112K
  class space    used 6929K, committed 7488K, reserved 1048576K
}
Event: 380.177 GC heap after
{Heap after GC invocations=47 (full 5):
 PSYoungGen      total 17408K, used 496K [0x0000000755580000, 0x0000000756800000, 0x0000000800000000)
  eden space 16896K, 0% used [0x0000000755580000,0x0000000755580000,0x0000000756600000)
  from space 512K, 96% used [0x0000000756700000,0x000000075677c060,0x0000000756780000)
  to   space 1024K, 0% used [0x0000000756600000,0x0000000756600000,0x0000000756700000)
 ParOldGen       total 5592576K, used 40331K [0x0000000600000000, 0x0000000755580000, 0x0000000755580000)
  object space 5592576K, 0% used [0x0000000600000000,0x0000000602762e60,0x0000000755580000)
 Metaspace       used 64882K, committed 66176K, reserved 1114112K
  class space    used 6929K, committed 7488K, reserved 1048576K
}
Event: 389.928 GC heap before
{Heap before GC invocations=48 (full 5):
 PSYoungGen      total 17408K, used 17392K [0x0000000755580000, 0x0000000756800000, 0x0000000800000000)
  eden space 16896K, 100% used [0x0000000755580000,0x0000000756600000,0x0000000756600000)
  from space 512K, 96% used [0x0000000756700000,0x000000075677c060,0x0000000756780000)
  to   space 1024K, 0% used [0x0000000756600000,0x0000000756600000,0x0000000756700000)
 ParOldGen       total 5592576K, used 40331K [0x0000000600000000, 0x0000000755580000, 0x0000000755580000)
  object space 5592576K, 0% used [0x0000000600000000,0x0000000602762e60,0x0000000755580000)
 Metaspace       used 66476K, committed 67648K, reserved 1114112K
  class space    used 7164K, committed 7616K, reserved 1048576K
}
Event: 389.947 GC heap after
{Heap after GC invocations=48 (full 5):
 PSYoungGen      total 17920K, used 1008K [0x0000000755580000, 0x0000000756a80000, 0x0000000800000000)
  eden space 16896K, 0% used [0x0000000755580000,0x0000000755580000,0x0000000756600000)
  from space 1024K, 98% used [0x0000000756600000,0x00000007566fc318,0x0000000756700000)
  to   space 2048K, 0% used [0x0000000756880000,0x0000000756880000,0x0000000756a80000)
 ParOldGen       total 5592576K, used 40796K [0x0000000600000000, 0x0000000755580000, 0x0000000755580000)
  object space 5592576K, 0% used [0x0000000600000000,0x00000006027d7350,0x0000000755580000)
 Metaspace       used 66476K, committed 67648K, reserved 1114112K
  class space    used 7164K, committed 7616K, reserved 1048576K
}

